<?xml version="1.0" encoding="UTF-8"?>
<!-- Generated by org.testng.reporters.JUnitReportReporter -->
<testsuite hostname="DESKTOP-IE7JN7O" failures="0" tests="4" name="TestNg.TestNg_example" time="0.042" errors="0" timestamp="22 Jan 2025 17:07:21 GMT">
  <testcase classname="TestNg.TestNg_example" name="testcase4" time="0.010"/>
  <testcase classname="TestNg.TestNg_example" name="testcase" time="0.024"/>
  <testcase classname="TestNg.TestNg_example" name="testcase2" time="0.005"/>
  <testcase classname="TestNg.TestNg_example" name="testcase3" time="0.003"/>
</testsuite> <!-- TestNg.TestNg_example -->
